<?xml version="1.0" encoding="UTF-8"?>
<!-- Generated by org.testng.reporters.JUnitReportReporter -->
<testsuite hostname="BASITH" failures="0" tests="2" name="com.Testing.main" time="7.067" errors="0" timestamp="2022-10-14T01:10:29 IST" skipped="0">
  <testcase classname="com.Testing.main" name="signupform" time="4.200"/>
  <system-out/>
  <testcase classname="com.Testing.main" name="ApplyAdharCrad" time="2.867"/>
  <system-out/>
</testsuite> <!-- com.Testing.main -->
